\BOOKMARK [0][-]{chapter.1}{\376\377\000C\000l\000a\000s\000s\000\040\000I\000n\000d\000e\000x}{}
\BOOKMARK [1][-]{section.1.1}{\376\377\000C\000l\000a\000s\000s\000\040\000L\000i\000s\000t}{chapter.1}
\BOOKMARK [0][-]{chapter.2}{\376\377\000F\000i\000l\000e\000\040\000I\000n\000d\000e\000x}{}
\BOOKMARK [1][-]{section.2.1}{\376\377\000F\000i\000l\000e\000\040\000L\000i\000s\000t}{chapter.2}
\BOOKMARK [0][-]{chapter.3}{\376\377\000C\000l\000a\000s\000s\000\040\000D\000o\000c\000u\000m\000e\000n\000t\000a\000t\000i\000o\000n}{}
\BOOKMARK [1][-]{section.3.1}{\376\377\000g\000a\000m\000e\000m\000a\000n\000a\000g\000e\000r\0003\000\040\000C\000l\000a\000s\000s\000\040\000R\000e\000f\000e\000r\000e\000n\000c\000e}{chapter.3}
\BOOKMARK [2][-]{subsection.3.1.1}{\376\377\000C\000o\000n\000s\000t\000r\000u\000c\000t\000o\000r\000\040\000\046\000\040\000D\000e\000s\000t\000r\000u\000c\000t\000o\000r\000\040\000D\000o\000c\000u\000m\000e\000n\000t\000a\000t\000i\000o\000n}{section.3.1}
\BOOKMARK [3][-]{subsubsection.3.1.1.1}{\376\377\000g\000a\000m\000e\000m\000a\000n\000a\000g\000e\000r\0003}{subsection.3.1.1}
\BOOKMARK [2][-]{subsection.3.1.2}{\376\377\000M\000e\000m\000b\000e\000r\000\040\000F\000u\000n\000c\000t\000i\000o\000n\000\040\000D\000o\000c\000u\000m\000e\000n\000t\000a\000t\000i\000o\000n}{section.3.1}
\BOOKMARK [3][-]{subsubsection.3.1.2.1}{\376\377\000f\000i\000l\000l\000A\000r\000r\000a\000y}{subsection.3.1.2}
\BOOKMARK [3][-]{subsubsection.3.1.2.2}{\376\377\000s\000h\000o\000w\000N\000u\000m\000b\000e\000r\000s}{subsection.3.1.2}
\BOOKMARK [3][-]{subsubsection.3.1.2.3}{\376\377\000u\000p\000d\000a\000t\000e\000T\000i\000m\000e\000r}{subsection.3.1.2}
\BOOKMARK [2][-]{subsection.3.1.3}{\376\377\000M\000e\000m\000b\000e\000r\000\040\000D\000a\000t\000a\000\040\000D\000o\000c\000u\000m\000e\000n\000t\000a\000t\000i\000o\000n}{section.3.1}
\BOOKMARK [3][-]{subsubsection.3.1.3.1}{\376\377\000t\000e\000m\000p}{subsection.3.1.3}
\BOOKMARK [1][-]{section.3.2}{\376\377\000m\000a\000i\000n\000m\000e\000n\000u\000\040\000C\000l\000a\000s\000s\000\040\000R\000e\000f\000e\000r\000e\000n\000c\000e}{chapter.3}
\BOOKMARK [2][-]{subsection.3.2.1}{\376\377\000C\000o\000n\000s\000t\000r\000u\000c\000t\000o\000r\000\040\000\046\000\040\000D\000e\000s\000t\000r\000u\000c\000t\000o\000r\000\040\000D\000o\000c\000u\000m\000e\000n\000t\000a\000t\000i\000o\000n}{section.3.2}
\BOOKMARK [3][-]{subsubsection.3.2.1.1}{\376\377\000m\000a\000i\000n\000m\000e\000n\000u}{subsection.3.2.1}
\BOOKMARK [2][-]{subsection.3.2.2}{\376\377\000M\000e\000m\000b\000e\000r\000\040\000F\000u\000n\000c\000t\000i\000o\000n\000\040\000D\000o\000c\000u\000m\000e\000n\000t\000a\000t\000i\000o\000n}{section.3.2}
\BOOKMARK [3][-]{subsubsection.3.2.2.1}{\376\377\000c\000h\000o\000o\000s\000e\000A\000d\000d}{subsection.3.2.2}
\BOOKMARK [3][-]{subsubsection.3.2.2.2}{\376\377\000c\000h\000o\000o\000s\000e\000M\000u\000l\000t}{subsection.3.2.2}
\BOOKMARK [1][-]{section.3.3}{\376\377\000n\000e\000x\000t\000w\000i\000n\000d\000o\000w\000\040\000C\000l\000a\000s\000s\000\040\000R\000e\000f\000e\000r\000e\000n\000c\000e}{chapter.3}
\BOOKMARK [2][-]{subsection.3.3.1}{\376\377\000C\000o\000n\000s\000t\000r\000u\000c\000t\000o\000r\000\040\000\046\000\040\000D\000e\000s\000t\000r\000u\000c\000t\000o\000r\000\040\000D\000o\000c\000u\000m\000e\000n\000t\000a\000t\000i\000o\000n}{section.3.3}
\BOOKMARK [3][-]{subsubsection.3.3.1.1}{\376\377\000n\000e\000x\000t\000w\000i\000n\000d\000o\000w}{subsection.3.3.1}
\BOOKMARK [2][-]{subsection.3.3.2}{\376\377\000M\000e\000m\000b\000e\000r\000\040\000F\000u\000n\000c\000t\000i\000o\000n\000\040\000D\000o\000c\000u\000m\000e\000n\000t\000a\000t\000i\000o\000n}{section.3.3}
\BOOKMARK [3][-]{subsubsection.3.3.2.1}{\376\377\000n\000e\000x\000t\000L\000e\000v\000e\000l}{subsection.3.3.2}
\BOOKMARK [3][-]{subsubsection.3.3.2.2}{\376\377\000r\000e\000s\000t\000a\000r\000t\000L\000e\000v\000e\000l}{subsection.3.3.2}
\BOOKMARK [1][-]{section.3.4}{\376\377\000r\000e\000s\000t\000a\000r\000t\000w\000i\000n\000d\000o\000w\000\040\000C\000l\000a\000s\000s\000\040\000R\000e\000f\000e\000r\000e\000n\000c\000e}{chapter.3}
\BOOKMARK [2][-]{subsection.3.4.1}{\376\377\000C\000o\000n\000s\000t\000r\000u\000c\000t\000o\000r\000\040\000\046\000\040\000D\000e\000s\000t\000r\000u\000c\000t\000o\000r\000\040\000D\000o\000c\000u\000m\000e\000n\000t\000a\000t\000i\000o\000n}{section.3.4}
\BOOKMARK [3][-]{subsubsection.3.4.1.1}{\376\377\000r\000e\000s\000t\000a\000r\000t\000w\000i\000n\000d\000o\000w}{subsection.3.4.1}
\BOOKMARK [2][-]{subsection.3.4.2}{\376\377\000M\000e\000m\000b\000e\000r\000\040\000F\000u\000n\000c\000t\000i\000o\000n\000\040\000D\000o\000c\000u\000m\000e\000n\000t\000a\000t\000i\000o\000n}{section.3.4}
\BOOKMARK [3][-]{subsubsection.3.4.2.1}{\376\377\000r\000e\000s\000t\000a\000r\000t\000L\000e\000v\000e\000l}{subsection.3.4.2}
\BOOKMARK [1][-]{section.3.5}{\376\377\000s\000f\000r\000a\000m\000e\000\040\000C\000l\000a\000s\000s\000\040\000R\000e\000f\000e\000r\000e\000n\000c\000e}{chapter.3}
\BOOKMARK [2][-]{subsection.3.5.1}{\376\377\000C\000o\000n\000s\000t\000r\000u\000c\000t\000o\000r\000\040\000\046\000\040\000D\000e\000s\000t\000r\000u\000c\000t\000o\000r\000\040\000D\000o\000c\000u\000m\000e\000n\000t\000a\000t\000i\000o\000n}{section.3.5}
\BOOKMARK [3][-]{subsubsection.3.5.1.1}{\376\377\000s\000f\000r\000a\000m\000e}{subsection.3.5.1}
\BOOKMARK [2][-]{subsection.3.5.2}{\376\377\000M\000e\000m\000b\000e\000r\000\040\000F\000u\000n\000c\000t\000i\000o\000n\000\040\000D\000o\000c\000u\000m\000e\000n\000t\000a\000t\000i\000o\000n}{section.3.5}
\BOOKMARK [3][-]{subsubsection.3.5.2.1}{\376\377\000k\000e\000y\000P\000r\000e\000s\000s\000E\000v\000e\000n\000t}{subsection.3.5.2}
\BOOKMARK [0][-]{chapter.4}{\376\377\000F\000i\000l\000e\000\040\000D\000o\000c\000u\000m\000e\000n\000t\000a\000t\000i\000o\000n}{}
\BOOKMARK [1][-]{section.4.1}{\376\377\000g\000a\000m\000e\000m\000a\000n\000a\000g\000e\000r\0003\000.\000c\000p\000p\000\040\000F\000i\000l\000e\000\040\000R\000e\000f\000e\000r\000e\000n\000c\000e}{chapter.4}
\BOOKMARK [2][-]{subsection.4.1.1}{\376\377\000D\000e\000t\000a\000i\000l\000e\000d\000\040\000D\000e\000s\000c\000r\000i\000p\000t\000i\000o\000n}{section.4.1}
\BOOKMARK [1][-]{section.4.2}{\376\377\000g\000a\000m\000e\000m\000a\000n\000a\000g\000e\000r\0003\000.\000h\000\040\000F\000i\000l\000e\000\040\000R\000e\000f\000e\000r\000e\000n\000c\000e}{chapter.4}
\BOOKMARK [2][-]{subsection.4.2.1}{\376\377\000D\000e\000t\000a\000i\000l\000e\000d\000\040\000D\000e\000s\000c\000r\000i\000p\000t\000i\000o\000n}{section.4.2}
\BOOKMARK [1][-]{section.4.3}{\376\377\000m\000a\000i\000n\000m\000e\000n\000u\000.\000c\000p\000p\000\040\000F\000i\000l\000e\000\040\000R\000e\000f\000e\000r\000e\000n\000c\000e}{chapter.4}
\BOOKMARK [2][-]{subsection.4.3.1}{\376\377\000D\000e\000t\000a\000i\000l\000e\000d\000\040\000D\000e\000s\000c\000r\000i\000p\000t\000i\000o\000n}{section.4.3}
\BOOKMARK [1][-]{section.4.4}{\376\377\000n\000e\000x\000t\000w\000i\000n\000d\000o\000w\000.\000c\000p\000p\000\040\000F\000i\000l\000e\000\040\000R\000e\000f\000e\000r\000e\000n\000c\000e}{chapter.4}
\BOOKMARK [2][-]{subsection.4.4.1}{\376\377\000D\000e\000t\000a\000i\000l\000e\000d\000\040\000D\000e\000s\000c\000r\000i\000p\000t\000i\000o\000n}{section.4.4}
\BOOKMARK [1][-]{section.4.5}{\376\377\000r\000e\000s\000t\000a\000r\000t\000w\000i\000n\000d\000o\000w\000.\000c\000p\000p\000\040\000F\000i\000l\000e\000\040\000R\000e\000f\000e\000r\000e\000n\000c\000e}{chapter.4}
\BOOKMARK [2][-]{subsection.4.5.1}{\376\377\000D\000e\000t\000a\000i\000l\000e\000d\000\040\000D\000e\000s\000c\000r\000i\000p\000t\000i\000o\000n}{section.4.5}
\BOOKMARK [1][-]{section.4.6}{\376\377\000s\000f\000r\000a\000m\000e\000.\000c\000p\000p\000\040\000F\000i\000l\000e\000\040\000R\000e\000f\000e\000r\000e\000n\000c\000e}{chapter.4}
\BOOKMARK [2][-]{subsection.4.6.1}{\376\377\000D\000e\000t\000a\000i\000l\000e\000d\000\040\000D\000e\000s\000c\000r\000i\000p\000t\000i\000o\000n}{section.4.6}
\BOOKMARK [1][-]{section.4.7}{\376\377\000s\000f\000r\000a\000m\000e\000.\000h\000\040\000F\000i\000l\000e\000\040\000R\000e\000f\000e\000r\000e\000n\000c\000e}{chapter.4}
\BOOKMARK [2][-]{subsection.4.7.1}{\376\377\000D\000e\000t\000a\000i\000l\000e\000d\000\040\000D\000e\000s\000c\000r\000i\000p\000t\000i\000o\000n}{section.4.7}
